Using Power View: analysis_normal_fast_min.
Load RC corner of view analysis_normal_fast_min

Begin Power Analysis

             0V	    VSS
          1.32V	    VDD
Begin Processing Timing Library for Power Calculation

Begin Processing Timing Library for Power Calculation



Begin Processing Power Net/Grid for Power Calculation

Ended Processing Power Net/Grid for Power Calculation: (cpu=0:00:00, real=0:00:00, mem(process/total/peak)=1927.06MB/3845.15MB/1927.06MB)

Begin Processing Timing Window Data for Power Calculation

** WARN:  (VOLTUS_POWR-1608):   Found conflicting clock definitions for the same clock 'clk' in the SDC file.
  Retaining the last specified frequency of 111.111MHz.

CK: assigning clock clk to net clk
Ended Processing Timing Window Data for Power Calculation: (cpu=0:00:00, real=0:00:00, mem(process/total/peak)=1927.06MB/3845.15MB/1927.06MB)

** WARN:  (VOLTUS_POWR-1784): The SDC clock frequency 111.111MHz is being overwritten with the VCD clock frequency 125MHz for the clock 'clk' associated with the net
'clk' from the TCF file. If the SDC clock frequency is required for static power calculation, use the command
'set_switching_activity -clock <clock name> -scale_factor <num>' to scale frequency of this clock.

Begin Processing User Attributes

Ended Processing User Attributes: (cpu=0:00:00, real=0:00:00, mem(process/total/peak)=1927.06MB/3845.15MB/1927.06MB)

Begin Processing Signal Activity


Starting Activity Propagation
2025-Feb-28 13:27:49 (2025-Feb-28 16:27:49 GMT)
2025-Feb-28 13:27:49 (2025-Feb-28 16:27:49 GMT): 10%
2025-Feb-28 13:27:49 (2025-Feb-28 16:27:49 GMT): 20%
2025-Feb-28 13:27:49 (2025-Feb-28 16:27:49 GMT): 30%

Finished Activity Propagation
2025-Feb-28 13:27:49 (2025-Feb-28 16:27:49 GMT)

Activity annotation summary:
        Primary Inputs : 67/67 = 100%
          Flop outputs : 1/34 = 2.94118%
  Memory/Macro outputs : 0/0 = 0%
      Tristate outputs : 0/0 = 0%
            Total Nets : 105/2296 = 4.57317%

Ended Processing Signal Activity: (cpu=0:00:00, real=0:00:00, mem(process/total/peak)=1927.06MB/3845.15MB/1927.06MB)

Begin Power Computation

      ----------------------------------------------------------
      # of cell(s) missing both power/leakage table: 0
      # of cell(s) missing power table: 0
      # of cell(s) missing leakage table: 0
      ----------------------------------------------------------



Starting Calculating power
2025-Feb-28 13:27:49 (2025-Feb-28 16:27:49 GMT)
 ... Calculating switching power
2025-Feb-28 13:27:49 (2025-Feb-28 16:27:49 GMT): 10%
2025-Feb-28 13:27:49 (2025-Feb-28 16:27:49 GMT): 20%
2025-Feb-28 13:27:49 (2025-Feb-28 16:27:49 GMT): 30%
2025-Feb-28 13:27:49 (2025-Feb-28 16:27:49 GMT): 40%
2025-Feb-28 13:27:49 (2025-Feb-28 16:27:49 GMT): 50%
 ... Calculating internal and leakage power
2025-Feb-28 13:27:49 (2025-Feb-28 16:27:49 GMT): 60%
2025-Feb-28 13:27:49 (2025-Feb-28 16:27:49 GMT): 70%
2025-Feb-28 13:27:49 (2025-Feb-28 16:27:49 GMT): 80%
2025-Feb-28 13:27:49 (2025-Feb-28 16:27:49 GMT): 90%

Finished Calculating power
2025-Feb-28 13:27:49 (2025-Feb-28 16:27:49 GMT)
      # of MSMV cell(s) missing power_level: 0
Ended Power Computation: (cpu=0:00:00, real=0:00:00, mem(process/total/peak)=1927.06MB/3845.15MB/1927.06MB)

Begin Processing User Attributes

Ended Processing User Attributes: (cpu=0:00:00, real=0:00:00, mem(process/total/peak)=1927.06MB/3845.15MB/1927.06MB)

Ended Power Analysis: (cpu=0:00:00, real=0:00:00, mem(process/total/peak)=1927.06MB/3845.15MB/1927.06MB)

Begin Boundary Leakage Calculation
Ended Boundary Leakage Calculation: (cpu=0:00:00, real=0:00:00,
mem(process/total/peak)=1927.06MB/3845.15MB/1927.06MB)
Begin Static Power Report Generation
*----------------------------------------------------------------------------------------
*	Innovus 21.15-s110_1 (64bit) 09/23/2022 13:08 (Linux 3.10.0-693.el7.x86_64)
*	
*
* 	Date & Time:	2025-Feb-28 13:27:49 (2025-Feb-28 16:27:49 GMT)
*
*----------------------------------------------------------------------------------------
*
*	Design: multiplier32FP
*
*	Liberty Libraries used:
*	        analysis_normal_fast_min: /home/tools/cadence/gpdk/gsclib045_svt_v4.4/lan/flow/t1u1/reference_libs/GPDK045/gsclib045_svt_v4.4/gsclib045/timing/fast_vdd1v2_basicCells.lib
*
*	Parasitic Files used:
*
*       Power View : analysis_normal_fast_min
*
*       User-Defined Activity : N.A.
*
*	Switching Activity File used:
*	        ../../../frontend/deliverables/multiplier32FP_9ns_rtl_MAX.vcd
*                  Vcd Window used(Start Time, Stop Time):  
*                Vcd Scale Factor: 1
*
*       Hierarchical Global Activity: N.A.
*
*       Global Activity: N.A.
*
*       Sequential Element Activity: 0.200000
*
*       Primary Input Activity: 0.200000
*
*       Default icg ratio: N.A.
*
*       Global Comb ClockGate Ratio: N.A.
*
*	Power Units = 1uW
*
*	Time Units = 1e-09 secs
*
*       report_power
*
-----------------------------------------------------------------------------------------
*



Total Power
-----------------------------------------------------------------------------------------
Total Internal Power:      127.12790398 	   59.5503%
Total Switching Power:      85.70356480 	   40.1460%
Total Leakage Power:         0.64832129 	    0.3037%
Total Power:               213.47979007
-----------------------------------------------------------------------------------------


Group                           Internal   Switching     Leakage       Total  Percentage 
                                Power      Power         Power         Power  (%)        
-----------------------------------------------------------------------------------------
Sequential                         33.11      0.8794       0.028   3.401e+04       15.93
Macro                                  0           0           0           0           0
IO                                     0           0           0           0           0
Combinational                      94.02       84.82      0.6203   1.795e+05       84.07
Clock (Combinational)                  0           0           0           0           0
Clock (Sequential)                     0           0           0           0           0
-----------------------------------------------------------------------------------------
Total                          1.271e+05    8.57e+04       648.3   2.135e+05       1e+05
-----------------------------------------------------------------------------------------


Rail                  Voltage   Internal   Switching     Leakage       Total  Percentage 
                                Power      Power         Power         Power  (%)        
-----------------------------------------------------------------------------------------
VDD                      1.32  1.271e+05    8.57e+04       648.3   2.135e+05       1e+05
 
 
-----------------------------------------------------------------------------------------
*	Power Distribution Summary: 
*              Highest Average Power:                 FE_RC_1_0 (XNOR2X4):            1.214
*              Highest Leakage Power:           mul_91_37_g9156 (NOR2X6):        0.0009903
*                Total Cap:      6.34749e-12 F
*                Total instances in design:  1908
*                Total instances in design with no power:     0
*                Total instances in design with no activty:     0

*                Total Fillers and Decap:     0
-----------------------------------------------------------------------------------------
 
** INFO:  (VOLTUS_POWR-3465): There are 0 decaps and 0 fillers in the design

Ended Static Power Report Generation: (cpu=0:00:00, real=0:00:00,
mem(process/total/peak)=1927.06MB/3845.15MB/1927.06MB)

