Using Power View: analysis_normal_fast_min.
Load RC corner of view analysis_normal_fast_min

Begin Power Analysis

             0V	    VSS
          1.32V	    VDD
Begin Processing Timing Library for Power Calculation

Begin Processing Timing Library for Power Calculation



Begin Processing Power Net/Grid for Power Calculation

Ended Processing Power Net/Grid for Power Calculation: (cpu=0:00:00, real=0:00:00, mem(process/total/peak)=1951.06MB/3858.62MB/1951.06MB)

Begin Processing Timing Window Data for Power Calculation

CK: assigning clock clk to net clk
Ended Processing Timing Window Data for Power Calculation: (cpu=0:00:00, real=0:00:00, mem(process/total/peak)=1951.06MB/3858.62MB/1951.06MB)

Begin Processing User Attributes

Ended Processing User Attributes: (cpu=0:00:00, real=0:00:00, mem(process/total/peak)=1951.06MB/3858.62MB/1951.06MB)

Begin Processing Signal Activity


Starting Activity Propagation
2025-Feb-28 13:26:03 (2025-Feb-28 16:26:03 GMT)
2025-Feb-28 13:26:03 (2025-Feb-28 16:26:03 GMT): 10%
2025-Feb-28 13:26:03 (2025-Feb-28 16:26:03 GMT): 20%
2025-Feb-28 13:26:03 (2025-Feb-28 16:26:03 GMT): 30%

Finished Activity Propagation
2025-Feb-28 13:26:03 (2025-Feb-28 16:26:03 GMT)

Activity annotation summary:
        Primary Inputs : 67/67 = 100%
          Flop outputs : 1/34 = 2.94118%
  Memory/Macro outputs : 0/0 = 0%
      Tristate outputs : 0/0 = 0%
            Total Nets : 105/2059 = 5.09956%

Ended Processing Signal Activity: (cpu=0:00:00, real=0:00:00, mem(process/total/peak)=1951.06MB/3858.62MB/1951.06MB)

Begin Power Computation

      ----------------------------------------------------------
      # of cell(s) missing both power/leakage table: 0
      # of cell(s) missing power table: 0
      # of cell(s) missing leakage table: 0
      ----------------------------------------------------------



Starting Calculating power
2025-Feb-28 13:26:03 (2025-Feb-28 16:26:03 GMT)
 ... Calculating switching power
2025-Feb-28 13:26:03 (2025-Feb-28 16:26:03 GMT): 10%
2025-Feb-28 13:26:03 (2025-Feb-28 16:26:03 GMT): 20%
2025-Feb-28 13:26:03 (2025-Feb-28 16:26:03 GMT): 30%
2025-Feb-28 13:26:03 (2025-Feb-28 16:26:03 GMT): 40%
2025-Feb-28 13:26:03 (2025-Feb-28 16:26:03 GMT): 50%
 ... Calculating internal and leakage power
2025-Feb-28 13:26:03 (2025-Feb-28 16:26:03 GMT): 60%
2025-Feb-28 13:26:03 (2025-Feb-28 16:26:03 GMT): 70%
2025-Feb-28 13:26:03 (2025-Feb-28 16:26:03 GMT): 80%
2025-Feb-28 13:26:03 (2025-Feb-28 16:26:03 GMT): 90%

Finished Calculating power
2025-Feb-28 13:26:03 (2025-Feb-28 16:26:03 GMT)
      # of MSMV cell(s) missing power_level: 0
Ended Power Computation: (cpu=0:00:00, real=0:00:00, mem(process/total/peak)=1951.06MB/3858.62MB/1951.06MB)

Begin Processing User Attributes

Ended Processing User Attributes: (cpu=0:00:00, real=0:00:00, mem(process/total/peak)=1951.06MB/3858.62MB/1951.06MB)

Ended Power Analysis: (cpu=0:00:00, real=0:00:00, mem(process/total/peak)=1951.06MB/3858.62MB/1951.06MB)

Begin Boundary Leakage Calculation
Ended Boundary Leakage Calculation: (cpu=0:00:00, real=0:00:00,
mem(process/total/peak)=1951.06MB/3858.62MB/1951.06MB)
Begin Static Power Report Generation
*----------------------------------------------------------------------------------------
*	Innovus 21.15-s110_1 (64bit) 09/23/2022 13:08 (Linux 3.10.0-693.el7.x86_64)
*	
*
* 	Date & Time:	2025-Feb-28 13:26:03 (2025-Feb-28 16:26:03 GMT)
*
*----------------------------------------------------------------------------------------
*
*	Design: multiplier32FP
*
*	Liberty Libraries used:
*	        analysis_normal_fast_min: /home/tools/cadence/gpdk/gsclib045_svt_v4.4/lan/flow/t1u1/reference_libs/GPDK045/gsclib045_svt_v4.4/gsclib045/timing/fast_vdd1v2_basicCells.lib
*
*	Parasitic Files used:
*
*       Power View : analysis_normal_fast_min
*
*       User-Defined Activity : N.A.
*
*	Switching Activity File used:
*	        ../../../frontend/deliverables/multiplier32FP_100ns_rtl_MIN.vcd
*                  Vcd Window used(Start Time, Stop Time):  
*                Vcd Scale Factor: 1
*
*       Hierarchical Global Activity: N.A.
*
*       Global Activity: N.A.
*
*       Sequential Element Activity: 0.200000
*
*       Primary Input Activity: 0.200000
*
*       Default icg ratio: N.A.
*
*       Global Comb ClockGate Ratio: N.A.
*
*	Power Units = 1uW
*
*	Time Units = 1e-09 secs
*
*       report_power
*
-----------------------------------------------------------------------------------------
*



Total Power
-----------------------------------------------------------------------------------------
Total Internal Power:       17.22706333 	   57.4679%
Total Switching Power:      12.15084780 	   40.5341%
Total Leakage Power:         0.59891784 	    1.9979%
Total Power:                29.97682897
-----------------------------------------------------------------------------------------


Group                           Internal   Switching     Leakage       Total  Percentage 
                                Power      Power         Power         Power  (%)        
-----------------------------------------------------------------------------------------
Sequential                         2.852     0.07276       0.028        2953        9.85
Macro                                  0           0           0           0           0
IO                                     0           0           0           0           0
Combinational                      14.38       12.08      0.5709   2.702e+04       90.15
Clock (Combinational)                  0           0           0           0           0
Clock (Sequential)                     0           0           0           0           0
-----------------------------------------------------------------------------------------
Total                          1.723e+04   1.215e+04       598.9   2.998e+04       1e+05
-----------------------------------------------------------------------------------------


Rail                  Voltage   Internal   Switching     Leakage       Total  Percentage 
                                Power      Power         Power         Power  (%)        
-----------------------------------------------------------------------------------------
VDD                      1.32  1.723e+04   1.215e+04       598.9   2.998e+04       1e+05
 
 
-----------------------------------------------------------------------------------------
*	Power Distribution Summary: 
*              Highest Average Power:            FE_DBTC2_n_260 (CLKINVX8):           0.1811
*              Highest Leakage Power:      FE_OFC0_product_o_31 (CLKBUFX8):        0.0008869
*                Total Cap:      5.90615e-12 F
*                Total instances in design:  1734
*                Total instances in design with no power:     0
*                Total instances in design with no activty:     0

*                Total Fillers and Decap:     0
-----------------------------------------------------------------------------------------
 
** INFO:  (VOLTUS_POWR-3465): There are 0 decaps and 0 fillers in the design

Ended Static Power Report Generation: (cpu=0:00:00, real=0:00:00,
mem(process/total/peak)=1951.06MB/3858.62MB/1951.06MB)

