###############################################################
#  Generated by:      Cadence Innovus 21.15-s110_1
#  OS:                Linux x86_64(Host ID cinova04.lesc.ufc.br)
#  Generated on:      Fri Feb 28 13:27:49 2025
#  Design:            multiplier32FP
#  Command:           report_timing -from a_i[0] -to underflow_o > ../reports/timing_report_${period_clk}ns.rpt
###############################################################
Path 1: MET (0.830 ns) Early Output Delay Assertion
               View: analysis_normal_fast_min
              Group: clk
         Startpoint: (R) a_i[0]
              Clock: (R) clk
           Endpoint: (R) underflow_o
              Clock: (R) clk

                       Capture       Launch
         Clock Edge:+    0.000        0.000
        Src Latency:+    0.000        0.000
        Net Latency:+    0.000 (P)    0.000 (I)
            Arrival:=    0.000        0.000

       Output Delay:-    0.350
        Uncertainty:+    0.044
      Required Time:=   -0.306
       Launch Clock:=    0.000
        Input Delay:+    0.280
          Data Path:+    0.244
              Slack:=    0.830

#--------------------------------------------------------------------------------------------
# Timing Point            Flags  Arc          Edge  Cell       Fanout  Trans   Delay  Arrival  
#                                                                       (ns)    (ns)     (ns)  
#--------------------------------------------------------------------------------------------
  a_i[0]                  <<<    a_i[0]       R     (arrival)       1  0.146   0.000    0.280  
  FE_OFC32_a_i_0/Y        -      A->Y         R     BUFX4          39  0.146   0.060    0.340  
  g5975__1666/Y           -      A->Y         R     OR4X1           1  0.054   0.025    0.365  
  g5969__4733/Y           -      D->Y         R     OR4X1           1  0.005   0.015    0.380  
  g5952__4319/Y           -      C->Y         R     OR4X1           3  0.006   0.032    0.412  
  g5949__2398/Y           -      B->Y         R     AND2X1          1  0.035   0.023    0.435  
  g5879__7410/Y           -      B1->Y        R     AO22X1          2  0.006   0.026    0.460  
  g4992__5107/Y           -      B0->Y        F     AOI2BB1X1       1  0.011   0.010    0.470  
  g4991__2398/Y           -      B->Y         R     NOR2X1          1  0.007   0.014    0.484  
  FE_OFC45_underflow_o/Y  -      A->Y         R     CLKBUFX6        1  0.018   0.040    0.524  
  underflow_o             <<<    underflow_o  R     -               1  0.047   0.000    0.524  
#--------------------------------------------------------------------------------------------

