###############################################################
#  Generated by:      Cadence Innovus 21.15-s110_1
#  OS:                Linux x86_64(Host ID cinova04.lesc.ufc.br)
#  Generated on:      Fri Feb 28 13:26:04 2025
#  Design:            multiplier32FP
#  Command:           report_timing -from a_i[0] -to underflow_o > ../reports/timing_report_${period_clk}ns.rpt
###############################################################
Path 1: MET (0.843 ns) Early Output Delay Assertion
               View: analysis_normal_fast_min
              Group: clk
         Startpoint: (R) a_i[0]
              Clock: (R) clk
           Endpoint: (R) underflow_o
              Clock: (R) clk

                       Capture       Launch
         Clock Edge:+    0.000        0.000
        Src Latency:+    0.000        0.000
        Net Latency:+    0.000 (P)    0.000 (I)
            Arrival:=    0.000        0.000

       Output Delay:-    0.350
        Uncertainty:+    0.044
      Required Time:=   -0.306
       Launch Clock:=    0.000
        Input Delay:+    0.280
          Data Path:+    0.257
              Slack:=    0.843

#--------------------------------------------------------------------------------------------
# Timing Point            Flags  Arc          Edge  Cell       Fanout  Trans   Delay  Arrival  
#                                                                       (ns)    (ns)     (ns)  
#--------------------------------------------------------------------------------------------
  a_i[0]                  <<<    a_i[0]       R     (arrival)       1  0.146   0.000    0.280  
  FE_OFC73_a_i_0/Y        -      A->Y         R     BUFX2          21  0.146   0.057    0.337  
  g6311__5477/Y           -      A->Y         R     OR4X1           1  0.052   0.025    0.362  
  g6303__6161/Y           -      D->Y         F     NOR4X1          1  0.006   0.009    0.371  
  g6292__2802/Y           -      B->Y         R     NAND2BX1        1  0.009   0.008    0.379  
  g6288__5526/Y           -      D->Y         R     OR4X1           1  0.007   0.014    0.393  
  g6277__1666/Y           -      D->Y         R     OR4X1           1  0.005   0.015    0.409  
  g6273__9315/Y           -      D->Y         R     OR4X1           3  0.007   0.025    0.433  
  g6269__7482/Y           -      B->Y         F     NAND2X1         1  0.025   0.015    0.449  
  g6212__9945/Y           -      B1->Y        R     OAI22X1         2  0.012   0.017    0.466  
  g5285__3680/Y           -      A->Y         F     NOR2X1          1  0.029   0.017    0.483  
  g5284__6783/Y           -      B->Y         R     NOR2X1          1  0.014   0.015    0.498  
  FE_OFC32_underflow_o/Y  -      A->Y         R     CLKBUFX6        1  0.018   0.040    0.537  
  underflow_o             <<<    underflow_o  R     -               1  0.047   0.000    0.537  
#--------------------------------------------------------------------------------------------

