============================================================
  Generated by:           Genus(TM) Synthesis Solution 21.10-p002_1
  Generated on:           Feb 28 2025  01:23:26 pm
  Module:                 multiplier32FP
  Operating conditions:   PVT_0P9V_125C 
  Operating conditions:   PVT_1P32V_0C 
  Interconnect mode:      global
  Area mode:              physical library
============================================================

                                               Library 
   Gate     Instances    Area       Library     Domain 
-------------------------------------------------------
ADDFHX1             9    67.716    slow_vdd1v0   worst 
ADDFHX2             7    57.456    slow_vdd1v0   worst 
ADDFX1            256  1313.280    slow_vdd1v0   worst 
ADDHX1             48   180.576    slow_vdd1v0   worst 
ADDHX2              1     5.130    slow_vdd1v0   worst 
AND2X1             43    58.824    slow_vdd1v0   worst 
AND2X2              2     3.420    slow_vdd1v0   worst 
AND2X4              3     8.208    slow_vdd1v0   worst 
AND2X6              6    22.572    slow_vdd1v0   worst 
AND3X6              1     4.446    slow_vdd1v0   worst 
AND3XL              2     4.104    slow_vdd1v0   worst 
AND4X1              5    11.970    slow_vdd1v0   worst 
AO21X1              4     9.576    slow_vdd1v0   worst 
AO22X1             92   251.712    slow_vdd1v0   worst 
AO22X2              1     3.078    slow_vdd1v0   worst 
AOI211X2            1     3.420    slow_vdd1v0   worst 
AOI21X1            43    73.530    slow_vdd1v0   worst 
AOI21X2             2     5.472    slow_vdd1v0   worst 
AOI21X4             5    25.650    slow_vdd1v0   worst 
AOI221X2            1     4.446    slow_vdd1v0   worst 
AOI22X1            24    49.248    slow_vdd1v0   worst 
AOI22X2             3    11.286    slow_vdd1v0   worst 
AOI22X4             1     6.156    slow_vdd1v0   worst 
AOI2BB1X1          10    20.520    slow_vdd1v0   worst 
AOI2BB1X2           3     9.234    slow_vdd1v0   worst 
AOI2BB1X4           4    16.416    slow_vdd1v0   worst 
AOI2BB2X2           1     5.130    slow_vdd1v0   worst 
AOI32X2             1     4.446    slow_vdd1v0   worst 
BUFX2               2     3.420    slow_vdd1v0   worst 
BUFX20              1     8.208    slow_vdd1v0   worst 
BUFX8              32   120.384    slow_vdd1v0   worst 
CLKAND2X12          7    52.668    slow_vdd1v0   worst 
CLKAND2X2           2     4.104    slow_vdd1v0   worst 
CLKAND2X6           2     9.576    slow_vdd1v0   worst 
CLKBUFX16           1     6.840    slow_vdd1v0   worst 
CLKBUFX2            3     5.130    slow_vdd1v0   worst 
CLKINVX1            1     1.026    slow_vdd1v0   worst 
CLKINVX12          14    57.456    slow_vdd1v0   worst 
CLKINVX16           4    21.888    slow_vdd1v0   worst 
CLKINVX20           2    12.996    slow_vdd1v0   worst 
CLKINVX3            1     1.710    slow_vdd1v0   worst 
CLKINVX4           12    20.520    slow_vdd1v0   worst 
CLKINVX6            8    19.152    slow_vdd1v0   worst 
CLKINVX8            8    24.624    slow_vdd1v0   worst 
CLKMX2X2            1     3.078    slow_vdd1v0   worst 
CLKXOR2X1          40   109.440    slow_vdd1v0   worst 
CLKXOR2X2           2     6.840    slow_vdd1v0   worst 
DFFRHQX1           34   209.304    slow_vdd1v0   worst 
INVX1             143    97.812    slow_vdd1v0   worst 
INVX2              20    20.520    slow_vdd1v0   worst 
INVX3               5     6.840    slow_vdd1v0   worst 
MX2X1              71   169.974    slow_vdd1v0   worst 
MX3X1               1     5.130    slow_vdd1v0   worst 
MX3XL              11    52.668    slow_vdd1v0   worst 
MXI2X2             14    62.244    slow_vdd1v0   worst 
MXI2X6              3    15.390    slow_vdd1v0   worst 
MXI2X8              1     6.156    slow_vdd1v0   worst 
NAND2BX1           10    13.680    slow_vdd1v0   worst 
NAND2BX4            1     3.762    slow_vdd1v0   worst 
NAND2X1            38    38.988    slow_vdd1v0   worst 
NAND2X2            24    41.040    slow_vdd1v0   worst 
NAND2X4            10    34.200    slow_vdd1v0   worst 
NAND2X6             4    19.152    slow_vdd1v0   worst 
NAND3BX2            2     6.156    slow_vdd1v0   worst 
NAND3X2             1     2.736    slow_vdd1v0   worst 
NOR2BX1            15    20.520    slow_vdd1v0   worst 
NOR2BX2             5    13.680    slow_vdd1v0   worst 
NOR2BX4             3    11.286    slow_vdd1v0   worst 
NOR2X1             24    24.624    slow_vdd1v0   worst 
NOR2X2             38    64.980    slow_vdd1v0   worst 
NOR2X4             20    61.560    slow_vdd1v0   worst 
NOR2X6              3    12.312    slow_vdd1v0   worst 
NOR2X8              9    49.248    slow_vdd1v0   worst 
NOR3X1              2     3.420    slow_vdd1v0   worst 
NOR3X2              1     2.736    slow_vdd1v0   worst 
NOR3X4              1     5.130    slow_vdd1v0   worst 
NOR3X6              1     7.182    slow_vdd1v0   worst 
NOR3X8              1     8.892    slow_vdd1v0   worst 
NOR4X2              7    23.940    slow_vdd1v0   worst 
OA21X1             19    38.988    slow_vdd1v0   worst 
OA21X4              1     3.762    slow_vdd1v0   worst 
OA22X1             10    23.940    slow_vdd1v0   worst 
OA22X2              1     3.420    slow_vdd1v0   worst 
OAI21X1            21    35.910    slow_vdd1v0   worst 
OAI21X2            10    30.780    slow_vdd1v0   worst 
OAI21X4             5    23.940    slow_vdd1v0   worst 
OAI221X2            1     4.788    slow_vdd1v0   worst 
OAI22X1           147   301.644    slow_vdd1v0   worst 
OAI22X2            42   143.640    slow_vdd1v0   worst 
OAI22X4             2    12.996    slow_vdd1v0   worst 
OAI2BB1X1          24    41.040    slow_vdd1v0   worst 
OAI2BB1X2           6    18.468    slow_vdd1v0   worst 
OAI2BB2X1           1     4.104    slow_vdd1v0   worst 
OAI2BB2X2           2    10.944    slow_vdd1v0   worst 
OAI32X4             1     8.208    slow_vdd1v0   worst 
OR2X1              37    50.616    slow_vdd1v0   worst 
OR2X2               3     5.130    slow_vdd1v0   worst 
OR2X4               3     8.208    slow_vdd1v0   worst 
OR2X6               7    26.334    slow_vdd1v0   worst 
OR3X1               6    12.312    slow_vdd1v0   worst 
OR4X1              15    30.780    slow_vdd1v0   worst 
XNOR2X1           238   569.772    slow_vdd1v0   worst 
XNOR2X2             2     6.156    slow_vdd1v0   worst 
-------------------------------------------------------
total            1849  5257.224                


                                         
     Type      Instances   Area   Area % 
-----------------------------------------
sequential            34  209.304    4.0 
inverter             218  284.544    5.4 
buffer                39  143.982    2.7 
logic               1558 4619.394   87.9 
physical_cells         0    0.000    0.0 
-----------------------------------------
total               1849 5257.224  100.0 

