============================================================
  Generated by:           Genus(TM) Synthesis Solution 21.10-p002_1
  Generated on:           Feb 28 2025  01:21:16 pm
  Module:                 multiplier32FP
  Operating conditions:   PVT_0P9V_125C 
  Operating conditions:   PVT_1P32V_0C 
  Interconnect mode:      global
  Area mode:              physical library
============================================================

Timing
--------

Clock  Period  
---------------
clk   100000.0 


  Cost    Critical         Violating 
 Group   Path Slack  TNS     Paths   
-------------------------------------
clk         77912.8   0.0          0 
default    No paths   0.0            
-------------------------------------
Total                 0.0          0 

Instance Count
--------------
Leaf Instance Count             1667 
Physical Instance count            0 
Sequential Instance Count         34 
Combinational Instance Count    1633 
Hierarchical Instance Count        0 

Area
----
Cell Area                          4379.994
Physical Cell Area                 0.000
Total Cell Area (Cell+Physical)    4379.994
Net Area                           2412.492
Total Area (Cell+Physical+Net)     6792.486

Max Fanout                         36 (n_0)
Min Fanout                         0 (rst_n)
Average Fanout                     2.3
Terms to net ratio                 3.2841
Terms to instance ratio            3.9244
Runtime                            28.278872000000003 seconds
Elapsed Runtime                    29 seconds
Genus peak memory usage            1692.04 
Innovus peak memory usage          no_value 
Hostname                           cinova04.lesc.ufc.br
