============================================================
  Generated by:           Genus(TM) Synthesis Solution 21.10-p002_1
  Generated on:           Feb 28 2025  01:23:26 pm
  Module:                 multiplier32FP
  Operating conditions:   PVT_0P9V_125C 
  Operating conditions:   PVT_1P32V_0C 
  Interconnect mode:      global
  Area mode:              physical library
============================================================

Timing
--------

Clock Period 
-------------
clk   9000.0 


  Cost    Critical         Violating 
 Group   Path Slack  TNS     Paths   
-------------------------------------
clk            12.8   0.0          0 
default    No paths   0.0            
-------------------------------------
Total                 0.0          0 

Instance Count
--------------
Leaf Instance Count             1849 
Physical Instance count            0 
Sequential Instance Count         34 
Combinational Instance Count    1815 
Hierarchical Instance Count        0 

Area
----
Cell Area                          5257.224
Physical Cell Area                 0.000
Total Cell Area (Cell+Physical)    5257.224
Net Area                           2560.130
Total Area (Cell+Physical+Net)     7817.354

Max Fanout                         39 (a_i[0])
Min Fanout                         0 (rst_n)
Average Fanout                     2.1
Terms to net ratio                 3.1038
Terms to instance ratio            3.7534
Runtime                            27.179902999999996 seconds
Elapsed Runtime                    28 seconds
Genus peak memory usage            1699.58 
Innovus peak memory usage          no_value 
Hostname                           cinova04.lesc.ufc.br
