============================================================
  Generated by:           Genus(TM) Synthesis Solution 21.10-p002_1
  Generated on:           Feb 28 2025  01:23:26 pm
  Module:                 multiplier32FP
  Operating conditions:   PVT_0P9V_125C 
  Operating conditions:   PVT_1P32V_0C 
  Interconnect mode:      global
  Area mode:              physical library
============================================================


Path 1: MET (116 ps) Late External Delay Assertion at pin underflow_o
          Group: clk
     Startpoint: (R) a_i[0]
          Clock: (R) clk
       Endpoint: (R) underflow_o
          Clock: (R) clk

                     Capture       Launch     
        Clock Edge:+    9000            0     
        Drv Adjust:+       0            0     
       Src Latency:+       0            0     
       Net Latency:+     105 (I)      105 (I) 
           Arrival:=    9105          105     
                                              
      Output Delay:-     350                  
       Uncertainty:-      44                  
     Required Time:=    8711                  
      Launch Clock:-     105                  
       Input Delay:-     280                  
         Data Path:-    8210                  
             Slack:=     116                  

Exceptions/Constraints:
  input_delay              280             constraints.sdc_line_30_33_1  
  output_delay             350             constraints.sdc_line_35_100_1 

#---------------------------------------------------------------------------------------------------------
#          Timing Point           Flags    Arc   Edge   Cell     Fanout Load Trans Delay Arrival Instance 
#                                                                       (fF)  (ps)  (ps)   (ps)  Location 
#---------------------------------------------------------------------------------------------------------
  a_i[0]                          <<<     -      R     (arrival)     39 70.2   264     0     385    (-,-) 
  mul_91_37_g8805/Y               -       A1->Y  F     AOI21X1        1  3.3   243   294     679    (-,-) 
  mul_91_37_g8722/Y               -       B0->Y  R     AOI2BB1X1      1  3.3   184   240     918    (-,-) 
  mul_91_37_g8629/Y               -       B->Y   F     NOR2X1         1  3.3   127   167    1085    (-,-) 
  mul_91_37_g8301__7482/CO        -       A->CO  F     ADDHX1         1  3.4    98   157    1242    (-,-) 
  mul_91_37_cdnfadd_014_2__6161/S -       CI->S  R     ADDFX1         1  3.7   105   350    1592    (-,-) 
  mul_91_37_cdnfadd_014_4__9945/S -       B->S   F     ADDFX1         1  3.6   117   371    1963    (-,-) 
  mul_91_37_cdnfadd_014_5__2883/S -       B->S   R     ADDFX1         2  6.4   161   396    2360    (-,-) 
  mul_91_37_g8219__5107/Y         -       B->Y   F     NAND2X4        2  5.0   122   144    2503    (-,-) 
  mul_91_37_g8198__1705/Y         -       A1N->Y F     AOI2BB1X1      1  3.2   122   182    2686    (-,-) 
  mul_91_37_g8195__3680/Y         -       B0->Y  R     AOI21X1        1  3.7   204   188    2874    (-,-) 
  mul_91_37_g8190__8428/Y         -       C0->Y  F     AOI221X2       1  3.1   172   146    3020    (-,-) 
  mul_91_37_g8133__6131/Y         -       A->Y   F     OR2X1          2  5.3   148   244    3264    (-,-) 
  mul_91_37_g8108__2346/Y         -       A->Y   R     NOR2X2         1  5.3   149   170    3434    (-,-) 
  mul_91_37_g8086__5107/Y         -       A->Y   F     NOR3X6         4  9.6    89   123    3557    (-,-) 
  mul_91_37_g8082__7410/Y         -       B->Y   R     NOR2X4         2  6.8   105   101    3658    (-,-) 
  mul_91_37_g8075__6161/Y         -       B->Y   F     NAND2BX4       2  6.1   131   127    3785    (-,-) 
  mul_91_37_g8063__1617/Y         -       A1->Y  R     AOI21X4        1  6.1   103   132    3918    (-,-) 
  mul_91_37_g8061__6783/Y         -       B->Y   F     NOR2X8         5 10.3    79    79    3996    (-,-) 
  mul_91_37_g8057__6260/Y         -       B->Y   R     NOR2X2         1  5.3   148   126    4123    (-,-) 
  mul_91_37_g8054__5477/Y         -       B->Y   F     NOR2X6         4  9.7    84   106    4229    (-,-) 
  mul_91_37_g8046__6161/Y         -       A1->Y  R     OAI21X4        3  8.0   128   119    4348    (-,-) 
  mul_91_37_g8034__3680/Y         -       A1->Y  F     AOI21X4        2  5.0   132   147    4494    (-,-) 
  mul_91_37_g2/Y                  -       A1->Y  F     OA21X1         1  3.3   101   207    4701    (-,-) 
  mul_91_37_g8024__5477/Y         -       S0->Y  F     MXI2X8        28 53.5   201   379    5080    (-,-) 
  g5945__1666/Y                   -       B->Y   R     NAND2X4        1  3.3    61   114    5195    (-,-) 
  g5936__5115/Y                   -       B->Y   F     CLKXOR2X2      2  8.9   141   249    5444    (-,-) 
  g5935/Y                         -       A->Y   R     CLKINVX12     28 52.3   122   122    5566    (-,-) 
  g5926__3680/Y                   -       B->Y   F     MXI2X6        24 47.2   226   405    5971    (-,-) 
  srl_106_43_g1492/Y              -       A->Y   R     CLKINVX8       4  8.2    70   114    6085    (-,-) 
  srl_106_43_g1447/Y              -       B1->Y  R     OA22X2         2  5.4    92   242    6327    (-,-) 
  srl_106_43_g1420/Y              -       A->Y   R     MX2X1          2  4.8   118   247    6573    (-,-) 
  srl_106_43_g1396/Y              -       A->Y   R     MX2X1          1  3.7    96   248    6821    (-,-) 
  srl_106_43_g1378/Y              -       B->Y   F     NOR2X2         2  5.0   100    98    6919    (-,-) 
  g4999__1617/Y                   -       D->Y   F     OR4X1          1  3.1   112   277    7196    (-,-) 
  g4996__5526/Y                   -       D->Y   F     OR4X1          1  3.6   124   289    7485    (-,-) 
  g4995__8428/Y                   -       C->Y   R     NOR3X2         1  3.1   162   154    7639    (-,-) 
  g4994__4319/Y                   -       D->Y   R     AND4X1         1  3.7   116   380    8020    (-,-) 
  g4993__6260/Y                   -       B->Y   F     NOR2X2         1  3.1    78    96    8116    (-,-) 
  g4992__5107/Y                   -       A1N->Y F     AOI2BB1X2      1  3.6    87   182    8298    (-,-) 
  g4991__2398/Y                   -       B->Y   R     NOR2X2         1  4.9   142   125    8423    (-,-) 
  drc_bufs/Y                      -       A->Y   R     BUFX20         1 47.9    78   171    8595    (-,-) 
  underflow_o                     <<<     -      R     (port)         -    -     -     0    8595    (-,-) 
#---------------------------------------------------------------------------------------------------------

