============================================================
  Generated by:           Genus(TM) Synthesis Solution 21.10-p002_1
  Generated on:           Feb 28 2025  01:21:16 pm
  Module:                 multiplier32FP
  Operating conditions:   PVT_0P9V_125C 
  Operating conditions:   PVT_1P32V_0C 
  Interconnect mode:      global
  Area mode:              physical library
============================================================


Path 1: MET (77913 ps) Late External Delay Assertion at pin underflow_o
          Group: clk
     Startpoint: (R) a_i[0]
          Clock: (R) clk
       Endpoint: (R) underflow_o
          Clock: (R) clk

                     Capture       Launch     
        Clock Edge:+  100000            0     
        Drv Adjust:+       0            0     
       Src Latency:+       0            0     
       Net Latency:+     105 (I)      105 (I) 
           Arrival:=  100105          105     
                                              
      Output Delay:-     350                  
       Uncertainty:-      44                  
     Required Time:=   99711                  
      Launch Clock:-     105                  
       Input Delay:-     280                  
         Data Path:-   21413                  
             Slack:=   77913                  

Exceptions/Constraints:
  input_delay              280             constraints.sdc_line_30_33_1  
  output_delay             350             constraints.sdc_line_35_100_1 

#---------------------------------------------------------------------------------------------------
#       Timing Point        Flags    Arc   Edge   Cell     Fanout Load Trans Delay Arrival Instance 
#                                                                 (fF)  (ps)  (ps)   (ps)  Location 
#---------------------------------------------------------------------------------------------------
  a_i[0]                    <<<     -      R     (arrival)     21 39.7   264     0     385    (-,-) 
  mul_91_37_g13773/CO       -       A->CO  R     ADDHX2         1  3.5    69   311     696    (-,-) 
  mul_91_37_g13543/CO       -       CI->CO R     ADDFX2         1  3.5    82   252     947    (-,-) 
  mul_91_37_g13509/CO       -       CI->CO R     ADDFX2         1  3.5    82   259    1206    (-,-) 
  mul_91_37_g13477/S        -       CI->S  F     ADDFX2         8 16.1   250   472    1678    (-,-) 
  mul_91_37_g13460/Y        -       A1->Y  R     AOI22X1        1  3.1   208   266    1944    (-,-) 
  mul_91_37_g13445__1617/Y  -       A->Y   R     AND2X1         1  3.3    84   239    2183    (-,-) 
  mul_91_37_g13427__4733/Y  -       B->Y   F     XNOR2X1        2  4.8   137   211    2395    (-,-) 
  mul_91_37_g13410__5107/Y  -       B->Y   F     OR2X1          1  3.1    94   186    2580    (-,-) 
  mul_91_37_g13399__4733/Y  -       A1->Y  F     AO22X1         2  5.0   145   242    2822    (-,-) 
  mul_91_37_g13375__2883/Y  -       A1->Y  R     OAI21X1        1  3.3   196   196    3018    (-,-) 
  mul_91_37_g13362__2802/Y  -       B0->Y  F     OAI2BB1X1      1  3.1   210   241    3259    (-,-) 
  mul_91_37_g13330__5526/Y  -       A1->Y  F     AO22X1         2  5.0   145   298    3557    (-,-) 
  mul_91_37_g13306__2802/Y  -       A1->Y  R     OAI21X1        1  3.3   196   196    3753    (-,-) 
  mul_91_37_g13293__1666/Y  -       B0->Y  F     OAI2BB1X1      1  3.1   210   241    3994    (-,-) 
  mul_91_37_g13262__9945/Y  -       A1->Y  F     AO22X1         2  5.0   145   298    4292    (-,-) 
  mul_91_37_g13238__7410/Y  -       A1->Y  R     OAI21X1        1  3.3   196   196    4488    (-,-) 
  mul_91_37_g13225__8246/Y  -       B0->Y  F     OAI2BB1X1      1  3.1   210   241    4729    (-,-) 
  mul_91_37_g13193__1617/Y  -       A1->Y  F     AO22X1         2  5.0   145   298    5027    (-,-) 
  mul_91_37_g13171__6131/Y  -       A1->Y  R     OAI21X1        1  3.3   196   196    5223    (-,-) 
  mul_91_37_g13158__5107/Y  -       B0->Y  F     OAI2BB1X1      1  3.1   210   241    5464    (-,-) 
  mul_91_37_g13133__8428/Y  -       A1->Y  F     AO22X1         2  4.8   140   296    5759    (-,-) 
  mul_91_37_g13110__2802/Y  -       B->Y   F     OR2X1          1  3.1    94   187    5946    (-,-) 
  mul_91_37_g13075__6260/Y  -       A1->Y  F     AO22X1         2  5.0   145   242    6188    (-,-) 
  mul_91_37_g13046__5107/Y  -       A1->Y  R     OAI21X1        1  3.3   196   196    6384    (-,-) 
  mul_91_37_g13044__5477/Y  -       B0->Y  F     OAI2BB1X1      1  3.1   210   241    6625    (-,-) 
  mul_91_37_g12996__3680/Y  -       B0->Y  F     AO22X1         2  5.0   146   281    6906    (-,-) 
  mul_91_37_g12971__1705/Y  -       A1->Y  R     OAI21X1        1  3.3   196   196    7102    (-,-) 
  mul_91_37_g12958__7410/Y  -       B0->Y  F     OAI2BB1X1      1  3.1   210   241    7344    (-,-) 
  mul_91_37_g12931__6417/Y  -       B1->Y  F     AO22X1         2  5.0   144   270    7614    (-,-) 
  mul_91_37_g12901__1666/Y  -       A1->Y  R     OAI21X1        1  3.3   196   195    7809    (-,-) 
  mul_91_37_g12888__5122/Y  -       B0->Y  F     OAI2BB1X1      1  3.1   210   241    8050    (-,-) 
  mul_91_37_g12856__3680/Y  -       B1->Y  F     AO22X1         2  5.0   144   270    8320    (-,-) 
  mul_91_37_g12837__5115/Y  -       A1->Y  R     OAI21X1        1  3.3   196   195    8515    (-,-) 
  mul_91_37_g12824__4319/Y  -       B0->Y  F     OAI2BB1X1      1  3.1   210   241    8756    (-,-) 
  mul_91_37_g12777__8246/Y  -       B1->Y  F     AO22X1         2  5.0   144   270    9026    (-,-) 
  mul_91_37_g12746__2802/Y  -       A1->Y  R     OAI21X1        1  3.3   196   195    9222    (-,-) 
  mul_91_37_g12745__1617/Y  -       B0->Y  F     OAI2BB1X1      1  3.4   225   250    9472    (-,-) 
  mul_91_37_g12719__1705/CO -       CI->CO F     ADDFX1         1  3.4   112   296    9768    (-,-) 
  mul_91_37_g12718__2802/CO -       CI->CO F     ADDFX1         1  3.4   111   243   10011    (-,-) 
  mul_91_37_g12717__1617/CO -       CI->CO F     ADDFX1         1  3.4   111   242   10253    (-,-) 
  mul_91_37_g12716__3680/CO -       CI->CO F     ADDFX1         1  3.4   111   242   10496    (-,-) 
  mul_91_37_g12715__6783/CO -       CI->CO F     ADDFX1         1  3.4   111   242   10738    (-,-) 
  mul_91_37_g12714__5526/CO -       CI->CO F     ADDFX1         1  3.4   111   242   10981    (-,-) 
  mul_91_37_g12713__8428/CO -       CI->CO F     ADDFX1         1  3.4   111   242   11223    (-,-) 
  mul_91_37_g12712__4319/CO -       CI->CO F     ADDFX1         1  3.4   111   242   11466    (-,-) 
  mul_91_37_g12711__6260/CO -       CI->CO F     ADDFX1         1  3.4   111   242   11708    (-,-) 
  mul_91_37_g12710__5107/CO -       CI->CO F     ADDFX1         1  3.4   111   242   11951    (-,-) 
  mul_91_37_g12709__2398/CO -       CI->CO F     ADDFX1         1  3.4   111   242   12193    (-,-) 
  mul_91_37_g12708__5477/CO -       CI->CO F     ADDFX1         1  3.4   111   242   12436    (-,-) 
  mul_91_37_g12707__6417/CO -       CI->CO F     ADDFX1         1  3.4   111   242   12678    (-,-) 
  mul_91_37_g12706__7410/CO -       CI->CO F     ADDFX1         1  3.4   111   242   12921    (-,-) 
  mul_91_37_g12705__1666/CO -       CI->CO F     ADDFX1         1  3.4   111   242   13163    (-,-) 
  mul_91_37_g12704__2346/CO -       CI->CO F     ADDFX1         1  3.4   111   242   13406    (-,-) 
  mul_91_37_g12703__2883/CO -       CI->CO F     ADDFX1         1  3.4   111   242   13648    (-,-) 
  mul_91_37_g12702__9945/CO -       CI->CO F     ADDFX1         1  3.4   111   242   13891    (-,-) 
  mul_91_37_g12701__9315/CO -       CI->CO F     ADDFX1         1  3.4   111   242   14133    (-,-) 
  mul_91_37_g12700__6161/CO -       CI->CO F     ADDFX1         1  3.4   111   242   14376    (-,-) 
  mul_91_37_g12699__4733/CO -       CI->CO F     ADDFX1         1  3.4   111   242   14618    (-,-) 
  mul_91_37_g12698__7482/CO -       CI->CO F     ADDFX1         1  3.4   111   242   14861    (-,-) 
  mul_91_37_g12697__5115/CO -       CI->CO F     ADDFX1         1  3.4   111   242   15103    (-,-) 
  mul_91_37_g12696__1881/CO -       CI->CO F     ADDFX1         1  3.4   111   242   15346    (-,-) 
  mul_91_37_g12695__6131/Y  -       B->Y   R     CLKXOR2X8     26 49.0   225   417   15762    (-,-) 
  g6276__2346/CO            -       B->CO  R     ADDHX1         2  5.1   121   268   16030    (-,-) 
  g6270__4733/Y             -       A->Y   R     AND2X1         1  3.3    84   198   16228    (-,-) 
  g6258__3680/Y             -       B->Y   F     CLKXOR2X1      4  9.0   240   286   16515    (-,-) 
  g6256__5526/Y             -       B->Y   R     NOR2X2         3  7.2   210   231   16746    (-,-) 
  g6249__6417/Y             -       AN->Y  R     NOR2BX1        2  5.0   269   296   17041    (-,-) 
  g6241__6161/Y             -       B->Y   R     XNOR2X1        1  3.3    86   270   17311    (-,-) 
  drc_bufs6375/Y            -       A->Y   R     BUFX4         18 34.8   193   208   17519    (-,-) 
  srl_106_43_g1460/Y        -       A->Y   F     INVX2          7 12.9   201   203   17722    (-,-) 
  srl_106_43_g1383/Y        -       B->Y   F     AND2X1         2  4.8   133   210   17932    (-,-) 
  srl_106_43_g1372/Y        -       B->Y   F     AND2X1         2  4.8   133   179   18111    (-,-) 
  g5296__4733/Y             -       A->Y   F     OR4X1          1  3.1   112   368   18479    (-,-) 
  g5295__7482/Y             -       D->Y   F     OR4X1          1  3.1   112   282   18761    (-,-) 
  g5294__5115/Y             -       D->Y   F     OR4X1          1  3.1   112   282   19043    (-,-) 
  g5293__1881/Y             -       D->Y   F     OR4X1          1  3.1   112   282   19325    (-,-) 
  g5292__6131/Y             -       D->Y   F     OR4X1          1  3.6   124   289   19613    (-,-) 
  g5291__7098/Y             -       D->Y   R     NOR4X2         1  3.1   226   188   19801    (-,-) 
  g5290__8246/Y             -       AN->Y  R     NOR3BX1        1  3.1   264   336   20137    (-,-) 
  g5289__5122/Y             -       AN->Y  R     NOR3BX1        1  3.1   264   354   20491    (-,-) 
  g5288__1705/Y             -       A1N->Y R     AOI2BB1X1      1  3.3   178   269   20760    (-,-) 
  g5287__2802/Y             -       B->Y   F     NAND2X1        1  3.6   238   235   20995    (-,-) 
  g5286__1617/Y             -       C->Y   R     NOR3X2         1  3.3   180   212   21207    (-,-) 
  g5285__3680/Y             -       B->Y   F     NOR2X1         1  3.2   132   163   21370    (-,-) 
  g5284__6783/Y             -       B->Y   R     NOR2X1         1  3.7   199   185   21555    (-,-) 
  drc_bufs/Y                -       A->Y   R     BUFX6          1 47.9   178   242   21798    (-,-) 
  underflow_o               <<<     -      R     (port)         -    -     -     0   21798    (-,-) 
#---------------------------------------------------------------------------------------------------

