============================================================
  Generated by:           Genus(TM) Synthesis Solution 21.10-p002_1
  Generated on:           Feb 28 2025  01:21:16 pm
  Module:                 multiplier32FP
  Library domain:         worst
    Domain index:         0
    Technology library:   slow_vdd1v0 1.0
  Library domain:         best
    Domain index:         1
    Technology library:   fast_vdd1v2 1.0
  Operating conditions:   PVT_0P9V_125C 
  Operating conditions:   PVT_1P32V_0C 
  Interconnect mode:      global
  Area mode:              physical library
============================================================

Max_transition design rule (violation total = 1228)
Pin                             Slew           Max     Violation
------------------------------------------------------------------
mul_91_37_g13802/S0              321           280            41
  --> Other violations on net            207
mul_91_37_g13544/A               321           280            41
  --> Other violations on net            207
mul_91_37_g13815/C               321           280            41
  --> Other violations on net            207
mul_91_37_g13817/C               321           280            41
  --> Other violations on net            207
mul_91_37_g13834/B               321           280            41
  --> Other violations on net            207
mul_91_37_g13909/Y               321           280            41
  --> Other violations on net            207
mul_91_37_g13800/S0              321           280            41
  --> Other violations on net            207
mul_91_37_g13546/A               321           280            41
  --> Other violations on net            207
mul_91_37_g13809/C               321           280            41
  --> Other violations on net            207
mul_91_37_g13813/C               321           280            41
  --> Other violations on net            207
mul_91_37_g13844/B               321           280            41
  --> Other violations on net            207
mul_91_37_g13926/Y               321           280            41
  --> Other violations on net            207
mul_91_37_g13799/S0              319           280            39
  --> Other violations on net            194
mul_91_37_g13545/A               319           280            39
  --> Other violations on net            194
mul_91_37_g13812/C               319           280            39
  --> Other violations on net            194
mul_91_37_g13814/C               319           280            39
  --> Other violations on net            194
mul_91_37_g13836/B               319           280            39
  --> Other violations on net            194
mul_91_37_g13910/Y               319           280            39
  --> Other violations on net            194
mul_91_37_g13806/S0              319           280            39
  --> Other violations on net            194
mul_91_37_g13542/A               319           280            39
  --> Other violations on net            194
mul_91_37_g13808/C               319           280            39
  --> Other violations on net            194
mul_91_37_g13811/C               319           280            39
  --> Other violations on net            194
mul_91_37_g13843/B               319           280            39
  --> Other violations on net            194
mul_91_37_g13927/Y               319           280            39
  --> Other violations on net            194
mul_91_37_g13804/S0              319           280            39
  --> Other violations on net            194
mul_91_37_g13547/A               319           280            39
  --> Other violations on net            194
mul_91_37_g13810/C               319           280            39
  --> Other violations on net            194
mul_91_37_g13816/C               319           280            39
  --> Other violations on net            194
mul_91_37_g13842/B               319           280            39
  --> Other violations on net            194
mul_91_37_g13911/Y               319           280            39
  --> Other violations on net            194
mul_91_37_g13748/S0              285           280             5
  --> Other violations on net            18
mul_91_37_g13548/A               285           280             5
  --> Other violations on net            18
mul_91_37_g13803/S0              285           280             5
  --> Other violations on net            18
mul_91_37_g13845/B               285           280             5
  --> Other violations on net            18
mul_91_37_g13925/Y               285           280             5
  --> Other violations on net            18
mul_91_37_g13753/A               281           280             1
  --> Other violations on net            1
mul_91_37_g13813/Y               281           280             1
  --> Other violations on net            1
mul_91_37_g13750/A               281           280             1
  --> Other violations on net            1
mul_91_37_g13817/Y               281           280             1
  --> Other violations on net            1
mul_91_37_g13752/A               281           280             1
  --> Other violations on net            1
mul_91_37_g13810/Y               281           280             1
  --> Other violations on net            1
mul_91_37_g13751/A               281           280             1
  --> Other violations on net            1
mul_91_37_g13814/Y               281           280             1
  --> Other violations on net            1
mul_91_37_g13749/A               281           280             1
  --> Other violations on net            1
mul_91_37_g13811/Y               281           280             1
  --> Other violations on net            1


Max_capacitance design rule: no violations.


Max_fanout design rule: no constraints.



