============================================================
  Generated by:           Genus(TM) Synthesis Solution 21.10-p002_1
  Generated on:           Feb 28 2025  01:21:16 pm
  Module:                 multiplier32FP
  Operating conditions:   PVT_0P9V_125C 
  Operating conditions:   PVT_1P32V_0C 
  Interconnect mode:      global
  Area mode:              physical library
============================================================

                                              Library 
   Gate    Instances    Area       Library     Domain 
------------------------------------------------------
ADDFX1           199  1020.870    slow_vdd1v0   worst 
ADDFX2            22   173.052    slow_vdd1v0   worst 
ADDHX1            34   127.908    slow_vdd1v0   worst 
ADDHX2             3    15.390    slow_vdd1v0   worst 
AND2X1           196   268.128    slow_vdd1v0   worst 
AND2X4             1     2.736    slow_vdd1v0   worst 
AND2X6            20    75.240    slow_vdd1v0   worst 
AND3X6             2     8.892    slow_vdd1v0   worst 
AND3XL             8    16.416    slow_vdd1v0   worst 
AND4X1             2     4.788    slow_vdd1v0   worst 
AO21X1             1     2.394    slow_vdd1v0   worst 
AO22X1            53   145.008    slow_vdd1v0   worst 
AOI211X2           1     3.420    slow_vdd1v0   worst 
AOI21X1           38    64.980    slow_vdd1v0   worst 
AOI22X1          370   759.240    slow_vdd1v0   worst 
AOI2BB1X1          1     2.052    slow_vdd1v0   worst 
BUFX2              5     8.550    slow_vdd1v0   worst 
BUFX4              1     2.394    slow_vdd1v0   worst 
BUFX6              1     3.078    slow_vdd1v0   worst 
BUFX8             32   120.384    slow_vdd1v0   worst 
CLKBUFX2           3     5.130    slow_vdd1v0   worst 
CLKINVX6           2     4.788    slow_vdd1v0   worst 
CLKINVX8           1     3.078    slow_vdd1v0   worst 
CLKMX2X6          10    44.460    slow_vdd1v0   worst 
CLKXOR2X1          3     8.208    slow_vdd1v0   worst 
CLKXOR2X8          3    17.442    slow_vdd1v0   worst 
DFFRHQX1          34   209.304    slow_vdd1v0   worst 
INVX1             64    43.776    slow_vdd1v0   worst 
INVX2              7     7.182    slow_vdd1v0   worst 
INVX6              6    14.364    slow_vdd1v0   worst 
MX2X1             72   172.368    slow_vdd1v0   worst 
MX3XL              9    43.092    slow_vdd1v0   worst 
MXI2X1             5    13.680    slow_vdd1v0   worst 
MXI2X2             6    26.676    slow_vdd1v0   worst 
NAND2BX1          14    19.152    slow_vdd1v0   worst 
NAND2BX2          14    33.516    slow_vdd1v0   worst 
NAND2X1           36    36.936    slow_vdd1v0   worst 
NAND2X2            2     3.420    slow_vdd1v0   worst 
NAND2X4            2     6.840    slow_vdd1v0   worst 
NAND3BX2           4    12.312    slow_vdd1v0   worst 
NAND3X2            2     5.472    slow_vdd1v0   worst 
NAND3X4            2     9.576    slow_vdd1v0   worst 
NOR2BX1           27    36.936    slow_vdd1v0   worst 
NOR2X1            17    17.442    slow_vdd1v0   worst 
NOR2X2             2     3.420    slow_vdd1v0   worst 
NOR2X8             1     5.472    slow_vdd1v0   worst 
NOR3BX1            7    14.364    slow_vdd1v0   worst 
NOR3X1             7    11.970    slow_vdd1v0   worst 
NOR3X2             1     2.736    slow_vdd1v0   worst 
NOR4X2             6    20.520    slow_vdd1v0   worst 
OA21X1             1     2.052    slow_vdd1v0   worst 
OA22X1             1     2.394    slow_vdd1v0   worst 
OAI21X1           18    30.780    slow_vdd1v0   worst 
OAI22X1           11    22.572    slow_vdd1v0   worst 
OAI22X2            2     6.840    slow_vdd1v0   worst 
OAI2BB1X1         11    18.810    slow_vdd1v0   worst 
OR2X1             15    20.520    slow_vdd1v0   worst 
OR2X8              1     4.446    slow_vdd1v0   worst 
OR3X1              3     6.156    slow_vdd1v0   worst 
OR3X6              1     4.788    slow_vdd1v0   worst 
OR3X8              1     5.472    slow_vdd1v0   worst 
OR4X1             15    30.780    slow_vdd1v0   worst 
XNOR2X1          228   545.832    slow_vdd1v0   worst 
------------------------------------------------------
total           1667  4379.994                


                                         
     Type      Instances   Area   Area % 
-----------------------------------------
sequential            34  209.304    4.8 
inverter              80   73.188    1.7 
buffer                42  139.536    3.2 
logic               1511 3957.966   90.4 
physical_cells         0    0.000    0.0 
-----------------------------------------
total               1667 4379.994  100.0 

