============================================================
  Generated by:           Genus(TM) Synthesis Solution 21.10-p002_1
  Generated on:           Feb 28 2025  01:23:26 pm
  Module:                 multiplier32FP
  Library domain:         worst
    Domain index:         0
    Technology library:   slow_vdd1v0 1.0
  Library domain:         best
    Domain index:         1
    Technology library:   fast_vdd1v2 1.0
  Operating conditions:   PVT_0P9V_125C 
  Operating conditions:   PVT_1P32V_0C 
  Interconnect mode:      global
  Area mode:              physical library
============================================================

Max_transition design rule (violation total = 0)
Pin                                         Slew           Max     Violation
------------------------------------------------------------------------------
mul_91_37_cdnfadd_027_3__9945/A              280           280             0
  --> Other violations on net                        0
mul_91_37_g8502__1617/Y                      280           280             0
  --> Other violations on net                        0


Max_capacitance design rule: no violations.


Max_fanout design rule: no constraints.



